<?xml version='1.0' encoding='UTF-8'?>
<testsuite hostname="srv" name="menuTests" tests="6" errors="0" failures="0" skipped="1" time="0.048" timestamp="2019-07-29T14:59:39">
                     <properties>
[...]
</properties>
                     <testcase classname="menuTests" name="Service charge - Drinks only" time="0.028">
                                                 
                                               </testcase><testcase classname="menuTests" name="Service charge - Bill with cold food" time="0.0">
                                                 
                                               </testcase><testcase classname="menuTests" name="Service charge - Bill with hot food &lt; 20" time="0.001">
                                                 
                                               </testcase><testcase classname="menuTests" name="Service charge - Bill with hot food &gt; 20" time="0.003">
                                                 
                                               </testcase><testcase classname="menuTests" name="Standard Bill" time="0.013">
                                                 
                                               </testcase><testcase classname="menuTests" name="Split charge" time="0.003">
                                                 <skipped/>
                                               </testcase>
                     <system-out><![CDATA[]]></system-out>
                     <system-err><![CDATA[]]></system-err>
                   </testsuite>