<?xml version='1.0' encoding='UTF-8'?>
<testsuite hostname="cto" name="menuTests" tests="3" errors="0" failures="0" skipped="1" time="0.031" timestamp="2019-07-29T12:14:05">
                     <properties>
[...]
</properties>
                     <testcase classname="menuTests" name="Service charge" time="0.015">
                                                 
                                               </testcase><testcase classname="menuTests" name="Invoice" time="0.016">
                                                 
                                               </testcase><testcase classname="menuTests" name="Split charge" time="0.0">
                                                 <skipped/>
                                               </testcase>
                     <system-out><![CDATA[]]></system-out>
                     <system-err><![CDATA[]]></system-err>
                   </testsuite>