# JRE version: Java(TM) SE Runtime Environment (8.0_162-b12) (build 1.8.0_162-b12)
# Java VM: Java HotSpot(TM) 64-Bit Server VM (25.162-b12 mixed mode windows-amd64 compressed oops)
Heap:
 PSYoungGen      total 185344K, used 15158K [0x00000000e0000000, 0x00000000f2300000, 0x0000000100000000)
  eden space 172032K, 8% used [0x00000000e0000000,0x00000000e0ecd950,0x00000000ea800000)
  from space 13312K, 0% used [0x00000000f1600000,0x00000000f1600000,0x00000000f2300000)
  to   space 21504K, 0% used [0x00000000ef900000,0x00000000ef900000,0x00000000f0e00000)
 ParOldGen       total 392192K, used 18313K [0x00000000a0000000, 0x00000000b7f00000, 0x00000000e0000000)
  object space 392192K, 4% used [0x00000000a0000000,0x00000000a11e2568,0x00000000b7f00000)
 Metaspace       used 35244K, capacity 37134K, committed 37376K, reserved 1081344K
  class space    used 5126K, capacity 5345K, committed 5376K, reserved 1048576K
GC Heap History (8 events):
Event: 1.619 GC heap before
{Heap before GC invocations=1 (full 0):
 PSYoungGen      total 153088K, used 81674K [0x00000000e0000000, 0x00000000eaa80000, 0x0000000100000000)
  eden space 131584K, 62% used [0x00000000e0000000,0x00000000e4fc2bc8,0x00000000e8080000)
  from space 21504K, 0% used [0x00000000e9580000,0x00000000e9580000,0x00000000eaa80000)
  to   space 21504K, 0% used [0x00000000e8080000,0x00000000e8080000,0x00000000e9580000)
 ParOldGen       total 349696K, used 0K [0x00000000a0000000, 0x00000000b5580000, 0x00000000e0000000)
  object space 349696K, 0% used [0x00000000a0000000,0x00000000a0000000,0x00000000b5580000)
 Metaspace       used 20490K, capacity 21128K, committed 21296K, reserved 1067008K
  class space    used 2846K, capacity 3011K, committed 3072K, reserved 1048576K
Event: 1.638 GC heap after
Heap after GC invocations=1 (full 0):
 PSYoungGen      total 153088K, used 15369K [0x00000000e0000000, 0x00000000f2b00000, 0x0000000100000000)
  eden space 131584K, 0% used [0x00000000e0000000,0x00000000e0000000,0x00000000e8080000)
  from space 21504K, 71% used [0x00000000e8080000,0x00000000e8f82620,0x00000000e9580000)
  to   space 21504K, 0% used [0x00000000f1600000,0x00000000f1600000,0x00000000f2b00000)
 ParOldGen       total 349696K, used 16K [0x00000000a0000000, 0x00000000b5580000, 0x00000000e0000000)
  object space 349696K, 0% used [0x00000000a0000000,0x00000000a0004000,0x00000000b5580000)
 Metaspace       used 20490K, capacity 21128K, committed 21296K, reserved 1067008K
  class space    used 2846K, capacity 3011K, committed 3072K, reserved 1048576K
}
Event: 1.638 GC heap before
{Heap before GC invocations=2 (full 1):
 PSYoungGen      total 153088K, used 15369K [0x00000000e0000000, 0x00000000f2b00000, 0x0000000100000000)
  eden space 131584K, 0% used [0x00000000e0000000,0x00000000e0000000,0x00000000e8080000)
  from space 21504K, 71% used [0x00000000e8080000,0x00000000e8f82620,0x00000000e9580000)
  to   space 21504K, 0% used [0x00000000f1600000,0x00000000f1600000,0x00000000f2b00000)
 ParOldGen       total 349696K, used 16K [0x00000000a0000000, 0x00000000b5580000, 0x00000000e0000000)
  object space 349696K, 0% used [0x00000000a0000000,0x00000000a0004000,0x00000000b5580000)
 Metaspace       used 20490K, capacity 21128K, committed 21296K, reserved 1067008K
  class space    used 2846K, capacity 3011K, committed 3072K, reserved 1048576K
Event: 1.674 GC heap after
Heap after GC invocations=2 (full 1):
 PSYoungGen      total 153088K, used 0K [0x00000000e0000000, 0x00000000f2b00000, 0x0000000100000000)
  eden space 131584K, 0% used [0x00000000e0000000,0x00000000e0000000,0x00000000e8080000)
  from space 21504K, 0% used [0x00000000e8080000,0x00000000e8080000,0x00000000e9580000)
  to   space 21504K, 0% used [0x00000000f1600000,0x00000000f1600000,0x00000000f2b00000)
 ParOldGen       total 232960K, used 14683K [0x00000000a0000000, 0x00000000ae380000, 0x00000000e0000000)
  object space 232960K, 6% used [0x00000000a0000000,0x00000000a0e56e58,0x00000000ae380000)
 Metaspace       used 20490K, capacity 21128K, committed 21296K, reserved 1067008K
  class space    used 2846K, capacity 3011K, committed 3072K, reserved 1048576K
}
Event: 2.891 GC heap before
{Heap before GC invocations=3 (full 1):
 PSYoungGen      total 153088K, used 69598K [0x00000000e0000000, 0x00000000f2b00000, 0x0000000100000000)
  eden space 131584K, 52% used [0x00000000e0000000,0x00000000e43f79e8,0x00000000e8080000)
  from space 21504K, 0% used [0x00000000e8080000,0x00000000e8080000,0x00000000e9580000)
  to   space 21504K, 0% used [0x00000000f1600000,0x00000000f1600000,0x00000000f2b00000)
 ParOldGen       total 232960K, used 14683K [0x00000000a0000000, 0x00000000ae380000, 0x00000000e0000000)
  object space 232960K, 6% used [0x00000000a0000000,0x00000000a0e56e58,0x00000000ae380000)
 Metaspace       used 33768K, capacity 35482K, committed 35496K, reserved 1079296K
  class space    used 4885K, capacity 5108K, committed 5120K, reserved 1048576K
Event: 2.901 GC heap after
Heap after GC invocations=3 (full 1):
 PSYoungGen      total 185344K, used 12993K [0x00000000e0000000, 0x00000000f2300000, 0x0000000100000000)
  eden space 172032K, 0% used [0x00000000e0000000,0x00000000e0000000,0x00000000ea800000)
  from space 13312K, 97% used [0x00000000f1600000,0x00000000f22b07b0,0x00000000f2300000)
  to   space 21504K, 0% used [0x00000000ef900000,0x00000000ef900000,0x00000000f0e00000)
 ParOldGen       total 232960K, used 14691K [0x00000000a0000000, 0x00000000ae380000, 0x00000000e0000000)
  object space 232960K, 6% used [0x00000000a0000000,0x00000000a0e58e58,0x00000000ae380000)
 Metaspace       used 33768K, capacity 35482K, committed 35496K, reserved 1079296K
  class space    used 4885K, capacity 5108K, committed 5120K, reserved 1048576K
}
Event: 2.901 GC heap before
{Heap before GC invocations=4 (full 2):
 PSYoungGen      total 185344K, used 12993K [0x00000000e0000000, 0x00000000f2300000, 0x0000000100000000)
  eden space 172032K, 0% used [0x00000000e0000000,0x00000000e0000000,0x00000000ea800000)
  from space 13312K, 97% used [0x00000000f1600000,0x00000000f22b07b0,0x00000000f2300000)
  to   space 21504K, 0% used [0x00000000ef900000,0x00000000ef900000,0x00000000f0e00000)
 ParOldGen       total 232960K, used 14691K [0x00000000a0000000, 0x00000000ae380000, 0x00000000e0000000)
  object space 232960K, 6% used [0x00000000a0000000,0x00000000a0e58e58,0x00000000ae380000)
 Metaspace       used 33768K, capacity 35482K, committed 35496K, reserved 1079296K
  class space    used 4885K, capacity 5108K, committed 5120K, reserved 1048576K
Event: 2.932 GC heap after
Heap after GC invocations=4 (full 2):
 PSYoungGen      total 185344K, used 0K [0x00000000e0000000, 0x00000000f2300000, 0x0000000100000000)
  eden space 172032K, 0% used [0x00000000e0000000,0x00000000e0000000,0x00000000ea800000)
  from space 13312K, 0% used [0x00000000f1600000,0x00000000f1600000,0x00000000f2300000)
  to   space 21504K, 0% used [0x00000000ef900000,0x00000000ef900000,0x00000000f0e00000)
 ParOldGen       total 392192K, used 18313K [0x00000000a0000000, 0x00000000b7f00000, 0x00000000e0000000)
  object space 392192K, 4% used [0x00000000a0000000,0x00000000a11e2568,0x00000000b7f00000)
 Metaspace       used 33768K, capacity 35482K, committed 35496K, reserved 1079296K
  class space    used 4885K, capacity 5108K, committed 5120K, reserved 1048576K
}

